[20:11:18] [main/INFO]: Loading Minecraft 1.21.1 with Fabric Loader 0.18.4
[20:11:18] [main/INFO]: Loading 72 mods:
	- architectury 13.0.8
	- cloth-config 15.0.140
	   \-- cloth-basic-math 0.6.1
	- cobblemon 1.7.1+1.21.1
	- cobblemon-additions 4.1.6
	- cobblenav 2.2.5
	- cobbreeding 2.1.1
	- fabric-api 0.116.7+1.21.1
	   |-- fabric-api-base 0.4.42+6573ed8c19
	   |-- fabric-api-lookup-api-v1 1.6.71+b559734419
	   |-- fabric-biome-api-v1 13.0.31+d527f9fd19
	   |-- fabric-block-api-v1 1.1.0+0bc3503219
	   |-- fabric-block-view-api-v2 1.0.11+ebb2264e19
	   |-- fabric-blockrenderlayer-v1 1.1.52+0af3f5a719
	   |-- fabric-client-tags-api-v1 1.1.15+6573ed8c19
	   |-- fabric-command-api-v1 1.2.49+f71b366f19
	   |-- fabric-command-api-v2 2.2.28+6ced4dd919
	   |-- fabric-commands-v0 0.2.66+df3654b319
	   |-- fabric-content-registries-v0 8.0.19+b559734419
	   |-- fabric-convention-tags-v1 2.1.5+7f945d5b19
	   |-- fabric-convention-tags-v2 2.11.1+a406e79519
	   |-- fabric-crash-report-info-v1 0.2.29+0af3f5a719
	   |-- fabric-data-attachment-api-v1 1.4.5+6116a37819
	   |-- fabric-data-generation-api-v1 20.2.34+37516cd619
	   |-- fabric-dimensions-v1 4.0.1+65213ef819
	   |-- fabric-entity-events-v1 1.8.0+2b27e0a419
	   |-- fabric-events-interaction-v0 0.7.13+ba9dae0619
	   |-- fabric-game-rule-api-v1 1.0.53+6ced4dd919
	   |-- fabric-item-api-v1 11.2.0+3b3cb2e819
	   |-- fabric-item-group-api-v1 4.1.7+def88e3a19
	   |-- fabric-key-binding-api-v1 1.0.47+0af3f5a719
	   |-- fabric-keybindings-v0 0.2.45+df3654b319
	   |-- fabric-lifecycle-events-v1 2.6.0+0865547519
	   |-- fabric-loot-api-v2 3.0.15+3f89f5a519
	   |-- fabric-loot-api-v3 1.0.3+3f89f5a519
	   |-- fabric-message-api-v1 6.0.14+8aaf3aca19
	   |-- fabric-model-loading-api-v1 2.1.0+b4d813fc19
	   |-- fabric-networking-api-v1 4.3.0+c7469b2119
	   |-- fabric-object-builder-api-v1 15.2.1+40875a9319
	   |-- fabric-particles-v1 4.0.2+6573ed8c19
	   |-- fabric-recipe-api-v1 5.0.15+2475392c19
	   |-- fabric-registry-sync-v0 5.3.1+e3eddc2119
	   |-- fabric-renderer-api-v1 3.4.1+b4d813fc19
	   |-- fabric-renderer-indigo 1.7.1+c705a49c19
	   |-- fabric-renderer-registries-v1 3.2.69+df3654b319
	   |-- fabric-rendering-data-attachment-v1 0.3.49+73761d2e19
	   |-- fabric-rendering-fluids-v1 3.1.6+1daea21519
	   |-- fabric-rendering-v0 1.1.72+df3654b319
	   |-- fabric-rendering-v1 5.1.0+ab4c25a019
	   |-- fabric-resource-conditions-api-v1 4.3.0+8dc279b119
	   |-- fabric-resource-loader-v0 1.3.1+5b5275af19
	   |-- fabric-screen-api-v1 2.0.25+8b68f1c719
	   |-- fabric-screen-handler-api-v1 1.3.90+b559734419
	   |-- fabric-sound-api-v1 1.0.23+6573ed8c19
	   |-- fabric-transfer-api-v1 5.4.3+c24bd99419
	   \-- fabric-transitive-access-wideners-v1 6.2.0+45b9699719
	- fabric-language-kotlin 1.12.2+kotlin.2.0.20
	   |-- org_jetbrains_kotlin_kotlin-reflect 2.0.20
	   |-- org_jetbrains_kotlin_kotlin-stdlib 2.0.20
	   |-- org_jetbrains_kotlin_kotlin-stdlib-jdk7 2.0.20
	   |-- org_jetbrains_kotlin_kotlin-stdlib-jdk8 2.0.20
	   |-- org_jetbrains_kotlinx_atomicfu-jvm 0.25.0
	   |-- org_jetbrains_kotlinx_kotlinx-coroutines-core-jvm 1.9.0
	   |-- org_jetbrains_kotlinx_kotlinx-coroutines-jdk8 1.9.0
	   |-- org_jetbrains_kotlinx_kotlinx-datetime-jvm 0.6.1
	   |-- org_jetbrains_kotlinx_kotlinx-io-bytestring-jvm 0.5.4
	   |-- org_jetbrains_kotlinx_kotlinx-io-core-jvm 0.5.4
	   |-- org_jetbrains_kotlinx_kotlinx-serialization-cbor-jvm 1.7.2
	   |-- org_jetbrains_kotlinx_kotlinx-serialization-core-jvm 1.7.2
	   \-- org_jetbrains_kotlinx_kotlinx-serialization-json-jvm 1.7.2
	- fabricloader 0.18.4
	   \-- mixinextras 0.5.0
	- java 21
	- krypton 0.2.8
	   \-- com_velocitypowered_velocity-native 3.3.0-SNAPSHOT
	- lithium 0.15.1+mc1.21.1
	- minecraft 1.21.1
	- moarconcrete 1.3.1
	- modernfix 5.25.1+mc1.21.1
	- mr_cobblemon_journeymounts 1.6
	- pasture-loot 1.0.3+1.21.1
	- spark 1.10.109
	   \-- fabric-permissions-api-v0 0.3.1
	- tmcraft 1.4.18+1.7.1
[20:11:18] [main/INFO]: SpongePowered MIXIN Subsystem Version=0.8.7 Source=file:/srv/cobbleverse-server-java-1.0v/libraries/net/fabricmc/sponge-mixin/0.17.0+mixin.0.8.7/sponge-mixin-0.17.0+mixin.0.8.7.jar Service=Knot/Fabric Env=SERVER
[20:11:18] [main/INFO]: Compatibility level set to JAVA_16
[20:11:18] [main/INFO]: Compatibility level set to JAVA_21
[20:11:18] [main/INFO]: Option 'mixin.entity.collisions.fluid' requires 'mixin.util.block_tracking=true' but found 'false'. Setting 'mixin.entity.collisions.fluid=false'.
[20:11:18] [main/INFO]: Option 'mixin.experimental.entity.block_caching.block_support' requires 'mixin.util.block_tracking=true' but found 'false'. Setting 'mixin.experimental.entity.block_caching.block_support=false'.
[20:11:18] [main/INFO]: Option 'mixin.experimental.entity.block_caching.fluid_pushing' requires 'mixin.util.block_tracking=true' but found 'false'. Setting 'mixin.experimental.entity.block_caching.fluid_pushing=false'.
[20:11:18] [main/INFO]: Option 'mixin.experimental.entity.block_caching.block_touching' requires 'mixin.util.block_tracking=true' but found 'false'. Setting 'mixin.experimental.entity.block_caching.block_touching=false'.
[20:11:18] [main/INFO]: Option 'mixin.experimental.entity.block_caching.suffocation' requires 'mixin.util.block_tracking=true' but found 'false'. Setting 'mixin.experimental.entity.block_caching.suffocation=false'.
[20:11:18] [main/INFO]: Option 'mixin.experimental.entity.block_caching' requires 'mixin.util.block_tracking=true' but found 'false'. Setting 'mixin.experimental.entity.block_caching=false'.
[20:11:18] [main/INFO]: Loaded configuration file for Lithium: 149 options available, 0 override(s) found
[20:11:19] [main/INFO]: Loaded configuration file for ModernFix 5.25.1+mc1.21.1: 65 options available, 0 override(s) found
[20:11:19] [main/INFO]: Applying Nashorn fix
[20:11:19] [main/WARN]: Error loading class: net/minecraft/class_4224 (java.lang.ClassNotFoundException: net/minecraft/class_4224)
[20:11:19] [main/WARN]: @Mixin target net.minecraft.class_4224 was not found mixins.cobblemon-common.json:ChannelMixin from mod cobblemon
[20:11:19] [main/WARN]: Error loading class: juuxel/adorn/block/variant/BlockVariantSets (java.lang.ClassNotFoundException: juuxel/adorn/block/variant/BlockVariantSets)
[20:11:19] [main/WARN]: @Mixin target juuxel.adorn.block.variant.BlockVariantSets was not found mixins.cobblemon-common.json:invoker.AdornRegisterInvoker from mod cobblemon
[20:11:19] [main/WARN]: Error loading class: net/minecraft/class_1140 (java.lang.ClassNotFoundException: net/minecraft/class_1140)
[20:11:19] [main/WARN]: @Mixin target net.minecraft.class_1140 was not found mixins.cobblemon-fabric.json:FabricSoundEngineMixin from mod cobblemon
[20:11:19] [main/WARN]: Error loading class: net/minecraft/class_437 (java.lang.ClassNotFoundException: net/minecraft/class_437)
[20:11:19] [main/INFO]: Initializing MixinExtras via com.llamalad7.mixinextras.service.MixinExtrasServiceImpl(version=0.5.0).
[20:11:21] [main/WARN]: Method overwrite conflict for method_21740 in modernfix-common.mixins.json:perf.remove_biome_temperature_cache.BiomeMixin from mod modernfix, previously written by net.caffeinemc.mods.lithium.mixin.world.temperature_cache.BiomeMixin. Skipping method.
[20:11:23] [main/INFO]: Vanilla bootstrap took 3664 milliseconds
[20:11:23] [main/INFO]: Booting LaxPermissionValidator, permissions will be checked using Minecrafts permission level system, see https://minecraft.fandom.com/wiki/Permission_level
[20:11:23] [main/INFO]: Launching Cobblemon 1.7.1 
[20:11:23] [main/INFO]: Booting FabricPermissionValidator, permissions will be checked using fabric-permissions-api, see https://github.com/lucko/fabric-permissions-api
[20:11:24] [main/ERROR]: No data fixer registered for cobblemon:pokemon
[20:11:24] [main/ERROR]: No data fixer registered for cobblemon:empty_pokeball
[20:11:24] [main/ERROR]: No data fixer registered for cobblemon:boat
[20:11:24] [main/ERROR]: No data fixer registered for cobblemon:chest_boat
[20:11:24] [main/ERROR]: No data fixer registered for cobblemon:poke_bobber
[20:11:24] [main/ERROR]: No data fixer registered for cobblemon:generic_bedrock
[20:11:24] [main/ERROR]: No data fixer registered for cobblemon:npc
[20:11:25] [main/INFO]: Starting the Best Spawner...
[20:11:25] [main/INFO]: Loaded 7 spawning condition types.
[20:11:25] [main/INFO]: Loaded 6 spawnable position types.
[20:11:25] [main/INFO]: Loaded 3 spawn detail types.
[20:11:25] [Cobblemon Showdown/INFO]: Starting showdown service...
[20:11:26] [Cobblemon Showdown/INFO]: Showdown has been started!
[20:11:26] [main/INFO]: Note: Cobblemon data registries are only loaded once per server instance as Pokémon species are not safe to reload.
[20:11:26] [main/INFO]: Registered the cobblemon:molang registry
[20:11:26] [main/INFO]: Registered the cobblemon:species_features registry
[20:11:26] [main/INFO]: Registered the cobblemon:global_species_features registry
[20:11:26] [main/INFO]: Registered the cobblemon:species_feature_assignments registry
[20:11:26] [main/INFO]: Registered the cobblemon:action_effects registry
[20:11:26] [main/INFO]: Registered the cobblemon:moves registry
[20:11:26] [main/INFO]: Registered the cobblemon:abilities registry
[20:11:26] [main/INFO]: Registered the cobblemon:behaviours registry
[20:11:26] [main/INFO]: Registered the cobblemon:species registry
[20:11:26] [main/INFO]: Registered the cobblemon:species_additions registry
[20:11:26] [main/INFO]: Registered the cobblemon:pokeballs registry
[20:11:26] [main/INFO]: Registered the cobblemon:properties_tab_completion registry
[20:11:26] [main/INFO]: Registered the cobblemon:spawn_detail_presets registry
[20:11:26] [main/INFO]: Registered the cobblemon:spawn_rules registry
[20:11:26] [main/INFO]: Registered the cobblemon:mechanics registry
[20:11:26] [main/INFO]: Registered the cobblemon:bag_items registry
[20:11:26] [main/INFO]: Registered the cobblemon:held_items registry
[20:11:26] [main/INFO]: Registered the cobblemon:dialogues registry
[20:11:26] [main/INFO]: Registered the cobblemon:natural_materials registry
[20:11:26] [main/INFO]: Registered the cobblemon:fossils registry
[20:11:27] [main/INFO]: Registered the cobblemon:npc_preset registry
[20:11:27] [main/INFO]: Registered the cobblemon:npc registry
[20:11:27] [main/INFO]: Registered the cobblemon:dex_entries registry
[20:11:27] [main/INFO]: Registered the cobblemon:dex_entry_additions registry
[20:11:27] [main/INFO]: Registered the cobblemon:dexes registry
[20:11:27] [main/INFO]: Registered the cobblemon:dex_additions registry
[20:11:27] [main/INFO]: Registered the cobblemon:cosmetic_items registry
[20:11:27] [main/INFO]: Registered the cobblemon:callbacks registry
[20:11:27] [main/INFO]: Registered the cobblemon:unlockable_pc_box_wallpapers registry
[20:11:27] [main/INFO]: Registered the cobblemon:marks registry
[20:11:27] [main/INFO]: Registered the cobblemon:starters registry
[20:11:27] [main/INFO]: Registered the cobblemon:spawn_pool_world registry
[20:11:27] [main/INFO]: Registered the cobblemon:pokerods registry
[20:11:27] [main/INFO]: Registered the cobblemon:berries registry
[20:11:27] [main/INFO]: Registered the cobblemon:seasonings registry
[20:11:27] [main/INFO]: Registered the cobblemon:pokemon_interactions registry
[20:11:27] [main/INFO]: Registered the cobblemon:spawn_bait_effects registry
[20:11:27] [main/INFO]: Registered the cobblemon:ride_settings registry
[20:11:27] [main/INFO]: Datagen: LootTableScanner disabled (set enableLootScan=true to enable).
[20:11:27] [main/INFO]: Datagen: ItemScanner disabled (set enableItemScan=true to enable).
[20:11:27] [main/INFO]: Mod compatibility check results: {cobblepedia=false, fightorflight=false, cobblenav=true, sophisticatedbackpacks=false, waystones=false, cobbledollars=false, travelersbackpack=false}
[20:11:27] [main/INFO]: Loaded lootRollMultiplierPercent = 100.0%
[20:11:27] [main/INFO]: ModifyLootTables initialized; loaded 11 configured tables
[20:11:27] [main/INFO]: LootRollScaler initialized
[20:11:27] [main/INFO]: Cobblemon Additions mod initialized successfully.
[20:11:27] [main/INFO]: Registered the cobblenav:biome_platforms registry
[20:11:27] [main/INFO]: Registering items
[20:11:27] [main/INFO]: Registering data components
[20:11:27] [main/INFO]: Compression will use libdeflate (Linux x86_64), encryption will use OpenSSL 3.0.x (Linux x86_64)
[20:11:27] [main/INFO]: Registering ModBlocks for moarconcrete
[20:11:27] [main/INFO]: Krypton is now accelerating your Minecraft server's networking stack 🚀
[20:11:27] [main/INFO]: Environment: Environment[sessionHost=https://sessionserver.mojang.com, servicesHost=https://api.minecraftservices.com, name=PROD]
[20:11:29] [main/INFO]: Loaded 2620 recipes
[20:11:29] [main/INFO]: Loaded 2702 advancements
[20:11:29] [main/INFO]: Loaded 10 server scripts and 1 client scripts
[20:11:31] [main/INFO]: Loaded 936 moves
[20:11:31] [main/INFO]: Loaded 314 abilities
[20:11:32] [main/INFO]: Loaded 48 entity behaviours
[20:11:32] [main/INFO]: Finished additions
[20:11:33] [cobblemon Datafixer Bootstrap/INFO]: 4 Datafixer optimizations took 35 milliseconds
[20:11:33] [main/INFO]: Loaded 1025 Pokémon species
[20:11:33] [main/INFO]: Loaded 27 spawn detail presets.
[20:11:33] [main/INFO]: Starting dummy Showdown battle to force it to pre-load data.
[20:11:34] [main/INFO]: Imported 266 held item IDs from showdown
[20:11:34] [main/INFO]: Loaded 15 fossils
[20:11:34] [main/ERROR]: Invalid path in mod resource-pack cobblemon: cobblemon:dex_entry_additions/README.md, ignoring
[20:11:34] [main/ERROR]: Invalid path in mod resource-pack cobblemon: cobblemon:dex_additions/README.md, ignoring
[20:11:34] [main/INFO]: Loaded 6 callbacks and 0 client callbacks
[20:11:34] [main/INFO]: Loaded 168 marks
[20:11:35] [main/INFO]: Loaded 70 berries
[20:11:35] [main/INFO]: Loaded 137 Pokémon interaction sets
[20:11:35] [main/INFO]: Loaded 17 biome platforms
[20:11:35] [main/INFO]: Loading configuration
[20:11:35] [main/WARN]: Not all defined tags for registry ResourceKey[minecraft:root / minecraft:item] are present in data pack: cobblemon:mint_leaf
[20:11:35] [main/WARN]: Initial datapack load took 7.538 s
[20:11:35] [main/INFO]: Applied 616 biome modifications to 64 of 64 new biomes in 14.72 ms
[20:11:35] [Server thread/INFO]: Registered 8 collectors and 4 block collectors
[20:11:35] [Server thread/INFO]: Starting background profiler...
[20:11:35] [Server thread/INFO]: Starting minecraft server version 1.21.1
[20:11:35] [Server thread/INFO]: Loading properties
[20:11:35] [Server thread/INFO]: Default game type: SURVIVAL
[20:11:35] [Server thread/INFO]: Generating keypair
[20:11:35] [Server thread/INFO]: Starting Minecraft server on *:25565
[20:11:35] [Server thread/INFO]: Using epoll channel type
[20:11:35] [Server thread/WARN]: **** SERVER IS RUNNING IN OFFLINE/INSECURE MODE!
[20:11:35] [Server thread/WARN]: The server will make no attempt to authenticate usernames. Beware.
[20:11:35] [Server thread/WARN]: While this makes the game possible to play without internet access, it also opens up the ability for hackers to connect with any username they choose.
[20:11:35] [Server thread/WARN]: To change this, set "online-mode" to "true" in the server.properties file.
[20:11:35] [Server thread/INFO]: Preparing level "world"
[20:11:36] [Server thread/INFO]: Preparing start region for dimension minecraft:overworld
[20:11:36] [Server thread/WARN]: Method overwrite conflict for removeIf in modernfix-common.mixins.json:bugfix.paper_chunk_patches.SortedArraySetMixin from mod modernfix, previously written by net.caffeinemc.mods.lithium.mixin.collections.chunk_tickets.SortedArraySetMixin. Skipping method.
[20:11:36] [Worker-Main-3/INFO]: Preparing spawn area: 0%
[20:11:36] [Server thread/INFO]: Time elapsed: 485 ms
[20:11:36] [Server thread/INFO]: Done (0.736s)! For help, type "help"
[20:11:36] [Server thread/WARN]: Dedicated server took 19.626 seconds to load
[20:11:36] [Server thread/INFO]: Optimizing spawn pools...
[20:11:51] [Server thread/INFO]: com.mojang.authlib.GameProfile@669c4fd1[id=75668d30-332a-38ad-80d2-2d5d7596de1f,name=CyberVoid343,properties={}] lost connection: Disconnected
[20:12:12] [Server thread/INFO]: com.mojang.authlib.GameProfile@2c28f22e[id=75668d30-332a-38ad-80d2-2d5d7596de1f,name=CyberVoid343,properties={}] lost connection: Disconnected
[20:14:26] [Server thread/INFO]: com.mojang.authlib.GameProfile@3bc51ae8[id=75668d30-332a-38ad-80d2-2d5d7596de1f,name=CyberVoid343,properties={}] lost connection: Disconnected
[20:16:55] [Server thread/INFO]: [STDOUT]: Lithium Cached BlockState Flags are disabled!
[20:16:55] [Server thread/INFO]: admin[/192.168.1.6:49593] logged in with entity id 1 at (-6.5, 69.0, 72.5)
[20:16:55] [Server thread/ERROR]: .old File cobblemonplayerdata for 36881d51-7477-3eb6-91a1-dfc11065590d is corrupt or missing. Data is lost
[20:16:55] [Server thread/ERROR]: .old File pokedex for 36881d51-7477-3eb6-91a1-dfc11065590d is corrupt or missing. Data is lost
[20:16:55] [Server thread/INFO]: admin joined the game
[20:18:44] [Server thread/INFO]: admin lost connection: Disconnected
[20:18:44] [Server thread/INFO]: admin left the game
[20:18:49] [Server thread/INFO]: Stopping the server
[20:18:49] [Server thread/INFO]: Stopping server
[20:18:49] [Server thread/INFO]: Saving players
[20:18:49] [Server thread/INFO]: Saving worlds
[20:18:49] [Server thread/INFO]: Saving chunks for level 'ServerLevel[world]'/minecraft:overworld
[20:18:49] [Server thread/INFO]: Saving chunks for level 'ServerLevel[world]'/minecraft:the_end
[20:18:49] [Server thread/INFO]: Saving chunks for level 'ServerLevel[world]'/minecraft:the_nether
[20:18:49] [Server thread/INFO]: ThreadedAnvilChunkStorage (world): All chunks are saved
[20:18:49] [Server thread/INFO]: ThreadedAnvilChunkStorage (DIM1): All chunks are saved
[20:18:49] [Server thread/INFO]: ThreadedAnvilChunkStorage (DIM-1): All chunks are saved
[20:18:49] [Server thread/INFO]: ThreadedAnvilChunkStorage: All dimensions are saved
